           _                 _    
  __ _  __| |_ __ __ _ _ __ | |_  
 / _` |/ _` | '__/ _` | '_ \| __| 
| (_| | (_| | | | (_| | | | | |_  
 \__, |\__,_|_|  \__,_|_| |_|\__| 
    |_|                           

Version: 1.11.4, build: d8b6e4a0
Access web UI at http://localhost:6333/dashboard

2024-09-23T17:39:49.475244Z  INFO storage::content_manager::consensus::persistent: Loading raft state from ./storage/raft_state.json    
2024-09-23T17:39:49.476453Z DEBUG storage::content_manager::consensus::persistent: State: Persistent { state: RaftState { hard_state: HardState { term: 0, vote: 0, commit: 0 }, conf_state: ConfState { voters: [2458648047667939], learners: [], voters_outgoing: [], learners_next: [], auto_leave: false } }, latest_snapshot_meta: SnapshotMetadataSer { term: 0, index: 0 }, apply_progress_queue: EntryApplyProgressQueue(None), peer_address_by_id: RwLock { data: {} }, peer_metadata_by_id: RwLock { data: {} }, cluster_metadata: {}, this_peer_id: 2458648047667939, path: "./storage/raft_state.json", dirty: false }    
2024-09-23T17:39:49.490789Z  INFO storage::content_manager::toc: Loading collection: default    
2024-09-23T17:39:49.550017Z  INFO collection::shards::local_shard: Recovering collection default: 0/1 (0%)    
2024-09-23T17:39:49.566985Z  INFO collection::shards::local_shard: Recovered collection default: 1/1 (100%)    
2024-09-23T17:39:49.568794Z DEBUG qdrant: Loaded collection: default    
2024-09-23T17:39:49.568803Z  INFO qdrant: Distributed mode disabled    
2024-09-23T17:39:49.568813Z  INFO qdrant: Telemetry reporting disabled    
2024-09-23T17:39:49.569221Z DEBUG qdrant: Waiting for thread web to finish    
2024-09-23T17:39:49.569506Z  WARN qdrant::actix::web_ui: Static content folder for Web UI './static' does not exist    
2024-09-23T17:39:49.569814Z  INFO qdrant::actix: TLS disabled for REST API    
2024-09-23T17:39:49.569879Z  INFO qdrant::actix: Qdrant HTTP listening on 6333    
2024-09-23T17:39:49.569896Z  INFO actix_server::builder: Starting 11 workers
2024-09-23T17:39:49.569904Z  INFO actix_server::server: Actix runtime found; starting in Actix runtime
2024-09-23T17:39:49.573126Z  INFO qdrant::tonic: Qdrant gRPC listening on 6334    
2024-09-23T17:39:49.573143Z  INFO qdrant::tonic: TLS disabled for gRPC API    
2024-09-23T17:39:59.479753Z  INFO storage::content_manager::toc::collection_meta_ops: Deleting collection default    
2024-09-23T17:39:59.480371Z DEBUG collection::update_handler: Stopping flush worker.    
2024-09-23T17:39:59.483305Z  INFO actix_web::middleware::logger: 127.0.0.1 "DELETE /collections/default HTTP/1.1" 200 48 "-" "curl/7.81.0" 0.003700    
